Arguments: 
  /Users/admin/.nvm/versions/node/v12.13.1/bin/node /usr/local/Cellar/yarn/1.19.1/libexec/bin/yarn.js add mqtt

PATH: 
  /Users/admin/.nvm/versions/node/v12.13.1/bin:/usr/local/bin:/usr/bin:/bin:/usr/sbin:/sbin

Yarn version: 
  1.19.1

Node version: 
  12.13.1

Platform: 
  darwin x64

Trace: 
  Error: https://registry.npm.taobao.org/mqtt: ETIMEDOUT
      at Timeout._onTimeout (/usr/local/Cellar/yarn/1.19.1/libexec/lib/cli.js:141224:19)
      at listOnTimeout (internal/timers.js:531:17)
      at processTimers (internal/timers.js:475:7)

npm manifest: 
  {
    "name": "mqtt-test",
    "version": "1.0.0",
    "description": "",
    "main": "index.js",
    "scripts": {
      "test": "echo \"Error: no test specified\" && exit 1"
    },
    "author": "",
    "license": "ISC"
  }

yarn manifest: 
  No manifest

Lockfile: 
  No lockfile
